TN:
SF:server/server.js
FNF:0
FNH:0
DA:1,1
DA:2,1
DA:3,1
DA:4,1
DA:5,1
DA:6,1
DA:7,1
DA:8,1
DA:9,1
DA:10,1
DA:11,1
DA:12,1
DA:13,1
DA:14,1
DA:15,1
DA:16,1
DA:17,1
DA:18,1
DA:19,0
DA:20,1
DA:21,1
DA:22,1
DA:23,1
DA:24,0
DA:25,0
DA:26,0
DA:27,0
DA:28,0
DA:29,0
DA:30,0
DA:31,0
DA:32,1
DA:33,1
DA:34,1
DA:35,1
DA:36,1
DA:37,1
DA:38,1
DA:39,1
LF:39
LH:30
BRDA:35,0,0,1
BRF:1
BRH:1
end_of_record
TN:
SF:server/controllers/bookController.js
FN:6,bookController.getBooks
FN:27,bookController.getBookById
FN:44,bookController.addBook
FN:82,bookController.updateBook
FN:122,bookController.deleteBook
FN:148,bookController.searchBooks
FN:170,bookController.getStats
FNF:7
FNH:5
FNDA:5,bookController.getBooks
FNDA:5,bookController.getBookById
FNDA:7,bookController.addBook
FNDA:4,bookController.updateBook
FNDA:0,bookController.deleteBook
FNDA:0,bookController.searchBooks
FNDA:1,bookController.getStats
DA:1,1
DA:2,1
DA:3,1
DA:4,1
DA:5,1
DA:6,1
DA:7,5
DA:8,5
DA:9,5
DA:10,5
DA:11,5
DA:12,5
DA:13,5
DA:14,5
DA:15,5
DA:16,5
DA:17,4
DA:18,5
DA:19,2
DA:20,2
DA:21,2
DA:22,1
DA:23,1
DA:24,5
DA:25,1
DA:26,1
DA:27,1
DA:28,5
DA:29,5
DA:30,4
DA:31,4
DA:32,4
DA:33,4
DA:34,3
DA:35,5
DA:36,2
DA:37,2
DA:38,2
DA:39,1
DA:40,1
DA:41,5
DA:42,1
DA:43,1
DA:44,1
DA:45,7
DA:46,7
DA:47,7
DA:48,7
DA:49,7
DA:50,7
DA:51,7
DA:52,7
DA:53,7
DA:54,7
DA:55,7
DA:56,7
DA:57,7
DA:58,4
DA:59,4
DA:60,4
DA:61,7
DA:62,2
DA:63,2
DA:64,2
DA:65,2
DA:66,2
DA:67,2
DA:68,2
DA:69,2
DA:70,2
DA:71,2
DA:72,2
DA:73,1
DA:74,1
DA:75,1
DA:76,1
DA:77,1
DA:78,1
DA:79,7
DA:80,1
DA:81,1
DA:82,1
DA:83,4
DA:84,4
DA:85,4
DA:86,4
DA:87,4
DA:88,4
DA:89,1
DA:90,1
DA:91,1
DA:92,3
DA:93,3
DA:94,4
DA:95,2
DA:96,2
DA:97,2
DA:98,1
DA:99,1
DA:100,1
DA:101,1
DA:102,4
DA:103,0
DA:104,0
DA:105,0
DA:106,1
DA:107,1
DA:108,1
DA:109,1
DA:110,1
DA:111,1
DA:112,1
DA:113,1
DA:114,1
DA:115,1
DA:116,4
DA:117,0
DA:118,0
DA:119,4
DA:120,1
DA:121,1
DA:122,1
DA:123,0
DA:124,0
DA:125,0
DA:126,0
DA:127,0
DA:128,0
DA:129,0
DA:130,0
DA:131,0
DA:132,0
DA:133,0
DA:134,0
DA:135,0
DA:136,0
DA:137,0
DA:138,0
DA:139,0
DA:140,0
DA:141,0
DA:142,0
DA:143,0
DA:144,0
DA:145,0
DA:146,1
DA:147,1
DA:148,1
DA:149,0
DA:150,0
DA:151,0
DA:152,0
DA:153,0
DA:154,0
DA:155,0
DA:156,0
DA:157,0
DA:158,0
DA:159,0
DA:160,0
DA:161,0
DA:162,0
DA:163,0
DA:164,0
DA:165,0
DA:166,0
DA:167,0
DA:168,0
DA:169,1
DA:170,1
DA:171,1
DA:172,1
DA:173,1
DA:174,1
DA:175,1
DA:176,1
DA:177,1
DA:178,1
DA:179,1
DA:180,1
DA:181,1
DA:182,1
DA:183,1
DA:184,1
DA:185,1
DA:186,1
DA:187,1
DA:188,1
DA:189,1
DA:190,1
DA:191,1
DA:192,1
DA:193,1
DA:194,1
DA:195,1
DA:196,1
DA:197,1
DA:198,1
DA:199,1
DA:200,1
DA:201,1
DA:202,1
DA:203,0
DA:204,0
DA:205,1
DA:206,1
LF:206
LH:156
BRDA:6,0,0,5
BRDA:8,1,0,1
BRDA:10,2,0,1
BRDA:16,3,0,4
BRDA:18,4,0,2
BRDA:21,5,0,1
BRDA:27,6,0,5
BRDA:29,7,0,1
BRDA:29,8,0,4
BRDA:33,9,0,3
BRDA:35,10,0,2
BRDA:35,11,0,1
BRDA:38,12,0,1
BRDA:44,13,0,7
BRDA:51,14,0,6
BRDA:51,15,0,1
BRDA:52,16,0,6
BRDA:52,17,0,1
BRDA:53,18,0,6
BRDA:54,19,0,1
BRDA:57,20,0,3
BRDA:57,21,0,4
BRDA:61,22,0,3
BRDA:61,23,0,2
BRDA:72,24,0,1
BRDA:82,25,0,4
BRDA:88,26,0,1
BRDA:91,27,0,3
BRDA:94,28,0,2
BRDA:94,29,0,2
BRDA:97,30,0,1
BRDA:102,31,0,0
BRDA:105,32,0,1
BRDA:116,33,0,0
BRDA:170,34,0,1
BRDA:202,35,0,0
BRF:36
BRH:33
end_of_record
TN:
SF:server/middleware/bookValidation.js
FN:7,validateBookId
FN:12,validateBookInputs
FN:22,validateOptionalBookInputs
FN:33,validateQuery
FN:44,validateCheck
FNF:5
FNH:5
FNDA:3,validateBookId
FNDA:1,validateBookInputs
FNDA:1,validateOptionalBookInputs
FNDA:1,validateQuery
FNDA:1,validateCheck
DA:1,1
DA:2,1
DA:3,1
DA:4,1
DA:5,1
DA:6,1
DA:7,1
DA:8,3
DA:9,1
DA:10,1
DA:11,1
DA:12,1
DA:13,1
DA:14,1
DA:15,1
DA:16,1
DA:17,1
DA:18,1
DA:19,1
DA:20,1
DA:21,1
DA:22,1
DA:23,1
DA:24,1
DA:25,1
DA:26,1
DA:27,1
DA:28,1
DA:29,1
DA:30,1
DA:31,1
DA:32,1
DA:33,1
DA:34,1
DA:35,1
DA:36,1
DA:37,1
DA:38,1
DA:39,1
DA:40,1
DA:41,1
DA:42,1
DA:43,1
DA:44,1
DA:45,1
DA:46,1
DA:47,0
DA:48,0
DA:49,1
DA:50,1
LF:50
LH:48
BRDA:7,0,0,3
BRDA:12,1,0,1
BRDA:22,2,0,1
BRDA:33,3,0,1
BRDA:44,4,0,1
BRDA:46,5,0,0
BRF:6
BRH:5
end_of_record
TN:
SF:server/models/bookModel.js
FN:28,loadData
FNF:1
FNH:0
FNDA:0,loadData
DA:1,1
DA:2,1
DA:3,1
DA:4,1
DA:5,1
DA:6,1
DA:7,1
DA:8,1
DA:9,1
DA:10,1
DA:11,1
DA:12,1
DA:13,1
DA:14,1
DA:15,1
DA:16,1
DA:17,0
DA:18,1
DA:19,1
DA:20,1
DA:21,1
DA:22,1
DA:23,1
DA:24,1
DA:25,1
DA:26,1
DA:27,1
DA:28,1
DA:29,0
DA:30,0
DA:31,0
LF:31
LH:27
BRDA:13,0,0,1
BRF:1
BRH:1
end_of_record
TN:
SF:server/routes/bookRouter.js
FNF:0
FNH:0
DA:1,1
DA:2,1
DA:3,1
DA:4,1
DA:5,1
DA:6,1
DA:7,1
DA:8,1
DA:9,1
DA:10,1
DA:11,1
DA:12,1
DA:13,1
DA:14,1
DA:15,1
DA:16,1
DA:17,1
DA:18,1
DA:19,1
DA:20,1
DA:21,1
DA:22,1
DA:23,1
DA:24,1
DA:25,0
DA:26,1
DA:27,1
DA:28,1
DA:29,1
DA:30,1
DA:31,1
DA:32,1
DA:33,1
DA:34,1
DA:35,0
DA:36,1
DA:37,1
DA:38,1
DA:39,1
DA:40,1
DA:41,1
DA:42,1
DA:43,1
DA:44,1
DA:45,1
DA:46,0
DA:47,0
DA:48,1
DA:49,1
DA:50,1
DA:51,1
DA:52,0
DA:53,1
DA:54,1
DA:55,1
LF:55
LH:50
BRDA:14,0,0,1
BRDA:19,1,0,1
BRDA:29,2,0,1
BRF:3
BRH:3
end_of_record
